{"/Users/andrzej/Desktop/js-test-developerr/next.config.js": {"path":"/Users/andrzej/Desktop/js-test-developerr/next.config.js","statementMap":{"0":{"start":{"line":1,"column":16},"end":{"line":1,"column":41}},"1":{"start":{"line":3,"column":0},"end":{"line":12,"column":3}},"2":{"start":{"line":6,"column":2},"end":{"line":8,"column":4}},"3":{"start":{"line":10,"column":2},"end":{"line":10,"column":16}}},"fnMap":{"0":{"name":"(anonymous_0)","decl":{"start":{"line":4,"column":10},"end":{"line":4,"column":11}},"loc":{"start":{"line":4,"column":22},"end":{"line":11,"column":2}},"line":4}},"branchMap":{},"s":{"0":1,"1":1,"2":2,"3":2},"f":{"0":2},"b":{},"_coverageSchema":"43e27e138ebf9cfc5966b082cf9a028302ed4184","hash":"928d65f10b0420057af4b60b2bf8e739ca150811"}
,"/Users/andrzej/Desktop/js-test-developerr/components/head.js": {"path":"/Users/andrzej/Desktop/js-test-developerr/components/head.js","statementMap":{"0":{"start":{"line":4,"column":27},"end":{"line":4,"column":29}},"1":{"start":{"line":6,"column":13},"end":{"line":21,"column":1}},"2":{"start":{"line":7,"column":1},"end":{"line":20,"column":12}},"3":{"start":{"line":23,"column":0},"end":{"line":28,"column":2}}},"fnMap":{"0":{"name":"(anonymous_0)","decl":{"start":{"line":6,"column":13},"end":{"line":6,"column":14}},"loc":{"start":{"line":7,"column":1},"end":{"line":20,"column":12}},"line":7}},"branchMap":{"0":{"loc":{"start":{"line":9,"column":10},"end":{"line":9,"column":45}},"type":"binary-expr","locations":[{"start":{"line":9,"column":10},"end":{"line":9,"column":21}},{"start":{"line":9,"column":25},"end":{"line":9,"column":45}}],"line":9},"1":{"loc":{"start":{"line":12,"column":12},"end":{"line":12,"column":51}},"type":"binary-expr","locations":[{"start":{"line":12,"column":12},"end":{"line":12,"column":29}},{"start":{"line":12,"column":33},"end":{"line":12,"column":51}}],"line":12}},"s":{"0":1,"1":1,"2":2,"3":1},"f":{"0":2},"b":{"0":[2,2],"1":[2,2]},"_coverageSchema":"43e27e138ebf9cfc5966b082cf9a028302ed4184","hash":"673a2a7859fbb24af6c44107bf790e58081418a3"}
,"/Users/andrzej/Desktop/js-test-developerr/components/button/index.js": {"path":"/Users/andrzej/Desktop/js-test-developerr/components/button/index.js","statementMap":{"0":{"start":{"line":3,"column":19},"end":{"line":3,"column":163}},"1":{"start":{"line":3,"column":30},"end":{"line":3,"column":163}},"2":{"start":{"line":3,"column":68},"end":{"line":3,"column":85}},"3":{"start":{"line":5,"column":0},"end":{"line":7,"column":1}}},"fnMap":{"0":{"name":"(anonymous_0)","decl":{"start":{"line":3,"column":19},"end":{"line":3,"column":20}},"loc":{"start":{"line":3,"column":30},"end":{"line":3,"column":163}},"line":3},"1":{"name":"(anonymous_1)","decl":{"start":{"line":3,"column":61},"end":{"line":3,"column":62}},"loc":{"start":{"line":3,"column":68},"end":{"line":3,"column":85}},"line":3}},"branchMap":{},"s":{"0":1,"1":2,"2":0,"3":1},"f":{"0":2,"1":0},"b":{},"_coverageSchema":"43e27e138ebf9cfc5966b082cf9a028302ed4184","hash":"376d0cdfddf65ccd73f189e23158b7be2d145aee"}
,"/Users/andrzej/Desktop/js-test-developerr/components/employee/index.js": {"path":"/Users/andrzej/Desktop/js-test-developerr/components/employee/index.js","statementMap":{"0":{"start":{"line":14,"column":8},"end":{"line":14,"column":35}},"1":{"start":{"line":17,"column":8},"end":{"line":17,"column":49}},"2":{"start":{"line":20,"column":8},"end":{"line":20,"column":35}},"3":{"start":{"line":23,"column":8},"end":{"line":23,"column":36}},"4":{"start":{"line":26,"column":8},"end":{"line":39,"column":9}},"5":{"start":{"line":43,"column":0},"end":{"line":45,"column":1}}},"fnMap":{"0":{"name":"(anonymous_0)","decl":{"start":{"line":13,"column":4},"end":{"line":13,"column":5}},"loc":{"start":{"line":13,"column":16},"end":{"line":15,"column":5}},"line":13},"1":{"name":"(anonymous_1)","decl":{"start":{"line":16,"column":4},"end":{"line":16,"column":5}},"loc":{"start":{"line":16,"column":16},"end":{"line":18,"column":5}},"line":16},"2":{"name":"(anonymous_2)","decl":{"start":{"line":19,"column":4},"end":{"line":19,"column":5}},"loc":{"start":{"line":19,"column":15},"end":{"line":21,"column":5}},"line":19},"3":{"name":"(anonymous_3)","decl":{"start":{"line":22,"column":4},"end":{"line":22,"column":5}},"loc":{"start":{"line":22,"column":15},"end":{"line":24,"column":5}},"line":22},"4":{"name":"(anonymous_4)","decl":{"start":{"line":25,"column":4},"end":{"line":25,"column":5}},"loc":{"start":{"line":25,"column":13},"end":{"line":40,"column":5}},"line":25}},"branchMap":{},"s":{"0":0,"1":0,"2":0,"3":0,"4":0,"5":1},"f":{"0":0,"1":0,"2":0,"3":0,"4":0},"b":{},"_coverageSchema":"43e27e138ebf9cfc5966b082cf9a028302ed4184","hash":"be5db5733f203de150d297a6d3872077943a2b62"}
,"/Users/andrzej/Desktop/js-test-developerr/components/employee-detail/index.js": {"path":"/Users/andrzej/Desktop/js-test-developerr/components/employee-detail/index.js","statementMap":{"0":{"start":{"line":7,"column":8},"end":{"line":7,"column":20}},"1":{"start":{"line":8,"column":8},"end":{"line":19,"column":9}},"2":{"start":{"line":20,"column":8},"end":{"line":20,"column":56}},"3":{"start":{"line":21,"column":8},"end":{"line":21,"column":58}},"4":{"start":{"line":25,"column":8},"end":{"line":25,"column":26}},"5":{"start":{"line":26,"column":21},"end":{"line":35,"column":9}},"6":{"start":{"line":37,"column":8},"end":{"line":49,"column":54}},"7":{"start":{"line":46,"column":12},"end":{"line":46,"column":46}},"8":{"start":{"line":47,"column":12},"end":{"line":47,"column":38}},"9":{"start":{"line":48,"column":12},"end":{"line":48,"column":22}},"10":{"start":{"line":49,"column":26},"end":{"line":49,"column":53}},"11":{"start":{"line":53,"column":21},"end":{"line":53,"column":54}},"12":{"start":{"line":54,"column":24},"end":{"line":54,"column":69}},"13":{"start":{"line":55,"column":8},"end":{"line":55,"column":38}},"14":{"start":{"line":59,"column":67},"end":{"line":59,"column":77}},"15":{"start":{"line":60,"column":25},"end":{"line":60,"column":35}},"16":{"start":{"line":61,"column":30},"end":{"line":61,"column":76}},"17":{"start":{"line":63,"column":12},"end":{"line":92,"column":20}},"18":{"start":{"line":95,"column":12},"end":{"line":127,"column":19}},"19":{"start":{"line":95,"column":35},"end":{"line":95,"column":72}},"20":{"start":{"line":106,"column":141},"end":{"line":106,"column":162}},"21":{"start":{"line":110,"column":138},"end":{"line":110,"column":159}},"22":{"start":{"line":114,"column":135},"end":{"line":114,"column":156}},"23":{"start":{"line":118,"column":141},"end":{"line":118,"column":162}},"24":{"start":{"line":122,"column":136},"end":{"line":122,"column":157}},"25":{"start":{"line":129,"column":8},"end":{"line":194,"column":9}},"26":{"start":{"line":136,"column":64},"end":{"line":136,"column":75}},"27":{"start":{"line":137,"column":48},"end":{"line":137,"column":58}},"28":{"start":{"line":139,"column":52},"end":{"line":139,"column":62}},"29":{"start":{"line":198,"column":0},"end":{"line":205,"column":1}}},"fnMap":{"0":{"name":"(anonymous_0)","decl":{"start":{"line":6,"column":4},"end":{"line":6,"column":5}},"loc":{"start":{"line":6,"column":23},"end":{"line":22,"column":5}},"line":6},"1":{"name":"(anonymous_1)","decl":{"start":{"line":24,"column":4},"end":{"line":24,"column":5}},"loc":{"start":{"line":24,"column":27},"end":{"line":50,"column":5}},"line":24},"2":{"name":"(anonymous_2)","decl":{"start":{"line":45,"column":16},"end":{"line":45,"column":17}},"loc":{"start":{"line":45,"column":23},"end":{"line":49,"column":9}},"line":45},"3":{"name":"(anonymous_3)","decl":{"start":{"line":49,"column":17},"end":{"line":49,"column":18}},"loc":{"start":{"line":49,"column":26},"end":{"line":49,"column":53}},"line":49},"4":{"name":"(anonymous_4)","decl":{"start":{"line":52,"column":4},"end":{"line":52,"column":5}},"loc":{"start":{"line":52,"column":21},"end":{"line":56,"column":5}},"line":52},"5":{"name":"(anonymous_5)","decl":{"start":{"line":58,"column":4},"end":{"line":58,"column":5}},"loc":{"start":{"line":58,"column":13},"end":{"line":195,"column":5}},"line":58},"6":{"name":"(anonymous_6)","decl":{"start":{"line":95,"column":28},"end":{"line":95,"column":29}},"loc":{"start":{"line":95,"column":35},"end":{"line":95,"column":72}},"line":95},"7":{"name":"(anonymous_7)","decl":{"start":{"line":106,"column":134},"end":{"line":106,"column":135}},"loc":{"start":{"line":106,"column":141},"end":{"line":106,"column":162}},"line":106},"8":{"name":"(anonymous_8)","decl":{"start":{"line":110,"column":131},"end":{"line":110,"column":132}},"loc":{"start":{"line":110,"column":138},"end":{"line":110,"column":159}},"line":110},"9":{"name":"(anonymous_9)","decl":{"start":{"line":114,"column":128},"end":{"line":114,"column":129}},"loc":{"start":{"line":114,"column":135},"end":{"line":114,"column":156}},"line":114},"10":{"name":"(anonymous_10)","decl":{"start":{"line":118,"column":134},"end":{"line":118,"column":135}},"loc":{"start":{"line":118,"column":141},"end":{"line":118,"column":162}},"line":118},"11":{"name":"(anonymous_11)","decl":{"start":{"line":122,"column":129},"end":{"line":122,"column":130}},"loc":{"start":{"line":122,"column":136},"end":{"line":122,"column":157}},"line":122},"12":{"name":"(anonymous_12)","decl":{"start":{"line":136,"column":58},"end":{"line":136,"column":59}},"loc":{"start":{"line":136,"column":64},"end":{"line":136,"column":75}},"line":136},"13":{"name":"(anonymous_13)","decl":{"start":{"line":137,"column":42},"end":{"line":137,"column":43}},"loc":{"start":{"line":137,"column":48},"end":{"line":137,"column":58}},"line":137},"14":{"name":"(anonymous_14)","decl":{"start":{"line":139,"column":46},"end":{"line":139,"column":47}},"loc":{"start":{"line":139,"column":52},"end":{"line":139,"column":62}},"line":139}},"branchMap":{"0":{"loc":{"start":{"line":61,"column":30},"end":{"line":61,"column":76}},"type":"cond-expr","locations":[{"start":{"line":61,"column":37},"end":{"line":61,"column":55}},{"start":{"line":61,"column":58},"end":{"line":61,"column":76}}],"line":61},"1":{"loc":{"start":{"line":134,"column":17},"end":{"line":134,"column":50}},"type":"cond-expr","locations":[{"start":{"line":134,"column":25},"end":{"line":134,"column":34}},{"start":{"line":134,"column":37},"end":{"line":134,"column":50}}],"line":134},"2":{"loc":{"start":{"line":137,"column":17},"end":{"line":137,"column":80}},"type":"cond-expr","locations":[{"start":{"line":137,"column":25},"end":{"line":137,"column":73}},{"start":{"line":137,"column":76},"end":{"line":137,"column":80}}],"line":137},"3":{"loc":{"start":{"line":139,"column":17},"end":{"line":139,"column":92}},"type":"cond-expr","locations":[{"start":{"line":139,"column":24},"end":{"line":139,"column":85}},{"start":{"line":139,"column":88},"end":{"line":139,"column":92}}],"line":139}},"s":{"0":0,"1":0,"2":0,"3":0,"4":0,"5":0,"6":0,"7":0,"8":0,"9":0,"10":0,"11":0,"12":0,"13":0,"14":0,"15":0,"16":0,"17":0,"18":0,"19":0,"20":0,"21":0,"22":0,"23":0,"24":0,"25":0,"26":0,"27":0,"28":0,"29":1},"f":{"0":0,"1":0,"2":0,"3":0,"4":0,"5":0,"6":0,"7":0,"8":0,"9":0,"10":0,"11":0,"12":0,"13":0,"14":0},"b":{"0":[0,0],"1":[0,0],"2":[0,0],"3":[0,0]},"_coverageSchema":"43e27e138ebf9cfc5966b082cf9a028302ed4184","hash":"7b0b7dccbcfe74dcda07da243f71110054eb5c98"}
,"/Users/andrzej/Desktop/js-test-developerr/pages/index.js": {"path":"/Users/andrzej/Desktop/js-test-developerr/pages/index.js","statementMap":{"0":{"start":{"line":12,"column":20},"end":{"line":12,"column":70}},"1":{"start":{"line":13,"column":26},"end":{"line":13,"column":42}},"2":{"start":{"line":14,"column":8},"end":{"line":14,"column":24}},"3":{"start":{"line":18,"column":8},"end":{"line":20,"column":10}},"4":{"start":{"line":19,"column":54},"end":{"line":19,"column":65}},"5":{"start":{"line":19,"column":76},"end":{"line":19,"column":89}},"6":{"start":{"line":24,"column":8},"end":{"line":26,"column":9}},"7":{"start":{"line":25,"column":12},"end":{"line":25,"column":31}},"8":{"start":{"line":27,"column":8},"end":{"line":58,"column":9}},"9":{"start":{"line":37,"column":32},"end":{"line":45,"column":49}}},"fnMap":{"0":{"name":"(anonymous_0)","decl":{"start":{"line":11,"column":4},"end":{"line":11,"column":5}},"loc":{"start":{"line":11,"column":35},"end":{"line":15,"column":5}},"line":11},"1":{"name":"(anonymous_1)","decl":{"start":{"line":17,"column":4},"end":{"line":17,"column":5}},"loc":{"start":{"line":17,"column":25},"end":{"line":21,"column":5}},"line":17},"2":{"name":"(anonymous_2)","decl":{"start":{"line":19,"column":50},"end":{"line":19,"column":51}},"loc":{"start":{"line":19,"column":54},"end":{"line":19,"column":65}},"line":19},"3":{"name":"(anonymous_3)","decl":{"start":{"line":19,"column":71},"end":{"line":19,"column":72}},"loc":{"start":{"line":19,"column":76},"end":{"line":19,"column":89}},"line":19},"4":{"name":"(anonymous_4)","decl":{"start":{"line":23,"column":4},"end":{"line":23,"column":5}},"loc":{"start":{"line":23,"column":13},"end":{"line":59,"column":5}},"line":23},"5":{"name":"(anonymous_5)","decl":{"start":{"line":36,"column":33},"end":{"line":36,"column":34}},"loc":{"start":{"line":37,"column":32},"end":{"line":45,"column":49}},"line":37}},"branchMap":{"0":{"loc":{"start":{"line":24,"column":8},"end":{"line":26,"column":9}},"type":"if","locations":[{"start":{"line":24,"column":8},"end":{"line":26,"column":9}},{"start":{"line":24,"column":8},"end":{"line":26,"column":9}}],"line":24}},"s":{"0":0,"1":0,"2":0,"3":4,"4":0,"5":0,"6":4,"7":0,"8":4,"9":0},"f":{"0":0,"1":4,"2":0,"3":0,"4":4,"5":0},"b":{"0":[0,4]},"_coverageSchema":"43e27e138ebf9cfc5966b082cf9a028302ed4184","hash":"eac14e68b32a457e925e9814e8c9dd44c59384f1"}
,"/Users/andrzej/Desktop/js-test-developerr/server/index.js": {"path":"/Users/andrzej/Desktop/js-test-developerr/server/index.js","statementMap":{"0":{"start":{"line":1,"column":16},"end":{"line":1,"column":34}},"1":{"start":{"line":2,"column":13},"end":{"line":2,"column":28}},"2":{"start":{"line":3,"column":19},"end":{"line":3,"column":41}},"3":{"start":{"line":4,"column":13},"end":{"line":4,"column":37}},"4":{"start":{"line":5,"column":12},"end":{"line":5,"column":49}},"5":{"start":{"line":6,"column":12},"end":{"line":6,"column":25}},"6":{"start":{"line":7,"column":15},"end":{"line":7,"column":38}},"7":{"start":{"line":8,"column":17},"end":{"line":8,"column":36}},"8":{"start":{"line":10,"column":0},"end":{"line":12,"column":61}},"9":{"start":{"line":11,"column":20},"end":{"line":11,"column":55}},"10":{"start":{"line":12,"column":24},"end":{"line":12,"column":60}},"11":{"start":{"line":14,"column":15},"end":{"line":14,"column":24}},"12":{"start":{"line":16,"column":0},"end":{"line":28,"column":2}},"13":{"start":{"line":18,"column":4},"end":{"line":18,"column":33}},"14":{"start":{"line":19,"column":4},"end":{"line":19,"column":57}},"15":{"start":{"line":20,"column":4},"end":{"line":20,"column":59}},"16":{"start":{"line":21,"column":4},"end":{"line":23,"column":6}},"17":{"start":{"line":22,"column":8},"end":{"line":22,"column":30}},"18":{"start":{"line":24,"column":4},"end":{"line":27,"column":6}},"19":{"start":{"line":25,"column":8},"end":{"line":25,"column":27}},"20":{"start":{"line":25,"column":17},"end":{"line":25,"column":27}},"21":{"start":{"line":26,"column":8},"end":{"line":26,"column":56}},"22":{"start":{"line":30,"column":0},"end":{"line":30,"column":23}}},"fnMap":{"0":{"name":"(anonymous_0)","decl":{"start":{"line":11,"column":14},"end":{"line":11,"column":15}},"loc":{"start":{"line":11,"column":20},"end":{"line":11,"column":55}},"line":11},"1":{"name":"(anonymous_1)","decl":{"start":{"line":12,"column":15},"end":{"line":12,"column":16}},"loc":{"start":{"line":12,"column":24},"end":{"line":12,"column":60}},"line":12},"2":{"name":"(anonymous_2)","decl":{"start":{"line":16,"column":19},"end":{"line":16,"column":20}},"loc":{"start":{"line":16,"column":25},"end":{"line":28,"column":1}},"line":16},"3":{"name":"(anonymous_3)","decl":{"start":{"line":21,"column":20},"end":{"line":21,"column":21}},"loc":{"start":{"line":21,"column":33},"end":{"line":23,"column":5}},"line":21},"4":{"name":"(anonymous_4)","decl":{"start":{"line":24,"column":24},"end":{"line":24,"column":25}},"loc":{"start":{"line":24,"column":31},"end":{"line":27,"column":5}},"line":24}},"branchMap":{"0":{"loc":{"start":{"line":4,"column":13},"end":{"line":4,"column":37}},"type":"binary-expr","locations":[{"start":{"line":4,"column":13},"end":{"line":4,"column":29}},{"start":{"line":4,"column":33},"end":{"line":4,"column":37}}],"line":4},"1":{"loc":{"start":{"line":25,"column":8},"end":{"line":25,"column":27}},"type":"if","locations":[{"start":{"line":25,"column":8},"end":{"line":25,"column":27}},{"start":{"line":25,"column":8},"end":{"line":25,"column":27}}],"line":25}},"s":{"0":1,"1":1,"2":1,"3":1,"4":1,"5":1,"6":1,"7":1,"8":1,"9":0,"10":0,"11":1,"12":1,"13":0,"14":0,"15":0,"16":0,"17":0,"18":0,"19":0,"20":0,"21":0,"22":1},"f":{"0":0,"1":0,"2":0,"3":0,"4":0},"b":{"0":[1,1],"1":[0,0]},"_coverageSchema":"43e27e138ebf9cfc5966b082cf9a028302ed4184","hash":"7fb846143c6bb31589b216c74369f4ecea96edc7"}
}
