TN:
SF:/Users/andrzej/Desktop/js-test-developerr/next.config.js
FN:4,(anonymous_0)
FNF:1
FNH:1
FNDA:2,(anonymous_0)
DA:1,1
DA:3,1
DA:6,2
DA:10,2
LF:4
LH:4
BRF:0
BRH:0
end_of_record
TN:
SF:/Users/andrzej/Desktop/js-test-developerr/components/head.js
FN:6,(anonymous_0)
FNF:1
FNH:1
FNDA:2,(anonymous_0)
DA:4,1
DA:6,1
DA:7,2
DA:23,1
LF:4
LH:4
BRDA:9,0,0,2
BRDA:9,0,1,2
BRDA:12,1,0,2
BRDA:12,1,1,2
BRF:4
BRH:4
end_of_record
TN:
SF:/Users/andrzej/Desktop/js-test-developerr/components/button/index.js
FN:3,(anonymous_0)
FN:3,(anonymous_1)
FNF:2
FNH:1
FNDA:2,(anonymous_0)
FNDA:0,(anonymous_1)
DA:3,2
DA:5,1
LF:2
LH:2
BRF:0
BRH:0
end_of_record
TN:
SF:/Users/andrzej/Desktop/js-test-developerr/components/employee/index.js
FN:13,(anonymous_0)
FN:16,(anonymous_1)
FN:19,(anonymous_2)
FN:22,(anonymous_3)
FN:25,(anonymous_4)
FNF:5
FNH:0
FNDA:0,(anonymous_0)
FNDA:0,(anonymous_1)
FNDA:0,(anonymous_2)
FNDA:0,(anonymous_3)
FNDA:0,(anonymous_4)
DA:14,0
DA:17,0
DA:20,0
DA:23,0
DA:26,0
DA:43,1
LF:6
LH:1
BRF:0
BRH:0
end_of_record
TN:
SF:/Users/andrzej/Desktop/js-test-developerr/components/employee-detail/index.js
FN:6,(anonymous_0)
FN:24,(anonymous_1)
FN:45,(anonymous_2)
FN:49,(anonymous_3)
FN:52,(anonymous_4)
FN:58,(anonymous_5)
FN:95,(anonymous_6)
FN:106,(anonymous_7)
FN:110,(anonymous_8)
FN:114,(anonymous_9)
FN:118,(anonymous_10)
FN:122,(anonymous_11)
FN:136,(anonymous_12)
FN:137,(anonymous_13)
FN:139,(anonymous_14)
FNF:15
FNH:0
FNDA:0,(anonymous_0)
FNDA:0,(anonymous_1)
FNDA:0,(anonymous_2)
FNDA:0,(anonymous_3)
FNDA:0,(anonymous_4)
FNDA:0,(anonymous_5)
FNDA:0,(anonymous_6)
FNDA:0,(anonymous_7)
FNDA:0,(anonymous_8)
FNDA:0,(anonymous_9)
FNDA:0,(anonymous_10)
FNDA:0,(anonymous_11)
FNDA:0,(anonymous_12)
FNDA:0,(anonymous_13)
FNDA:0,(anonymous_14)
DA:7,0
DA:8,0
DA:20,0
DA:21,0
DA:25,0
DA:26,0
DA:37,0
DA:46,0
DA:47,0
DA:48,0
DA:49,0
DA:53,0
DA:54,0
DA:55,0
DA:59,0
DA:60,0
DA:61,0
DA:63,0
DA:95,0
DA:106,0
DA:110,0
DA:114,0
DA:118,0
DA:122,0
DA:129,0
DA:136,0
DA:137,0
DA:139,0
DA:198,1
LF:29
LH:1
BRDA:61,0,0,0
BRDA:61,0,1,0
BRDA:134,1,0,0
BRDA:134,1,1,0
BRDA:137,2,0,0
BRDA:137,2,1,0
BRDA:139,3,0,0
BRDA:139,3,1,0
BRF:8
BRH:0
end_of_record
TN:
SF:/Users/andrzej/Desktop/js-test-developerr/pages/index.js
FN:11,(anonymous_0)
FN:17,(anonymous_1)
FN:19,(anonymous_2)
FN:19,(anonymous_3)
FN:23,(anonymous_4)
FN:36,(anonymous_5)
FNF:6
FNH:2
FNDA:0,(anonymous_0)
FNDA:4,(anonymous_1)
FNDA:0,(anonymous_2)
FNDA:0,(anonymous_3)
FNDA:4,(anonymous_4)
FNDA:0,(anonymous_5)
DA:12,0
DA:13,0
DA:14,0
DA:18,4
DA:19,0
DA:24,4
DA:25,0
DA:27,4
DA:37,0
LF:9
LH:3
BRDA:24,0,0,0
BRDA:24,0,1,4
BRF:2
BRH:1
end_of_record
TN:
SF:/Users/andrzej/Desktop/js-test-developerr/server/index.js
FN:11,(anonymous_0)
FN:12,(anonymous_1)
FN:16,(anonymous_2)
FN:21,(anonymous_3)
FN:24,(anonymous_4)
FNF:5
FNH:0
FNDA:0,(anonymous_0)
FNDA:0,(anonymous_1)
FNDA:0,(anonymous_2)
FNDA:0,(anonymous_3)
FNDA:0,(anonymous_4)
DA:1,1
DA:2,1
DA:3,1
DA:4,1
DA:5,1
DA:6,1
DA:7,1
DA:8,1
DA:10,1
DA:11,0
DA:12,0
DA:14,1
DA:16,1
DA:18,0
DA:19,0
DA:20,0
DA:21,0
DA:22,0
DA:24,0
DA:25,0
DA:26,0
DA:30,1
LF:22
LH:12
BRDA:4,0,0,1
BRDA:4,0,1,1
BRDA:25,1,0,0
BRDA:25,1,1,0
BRF:4
BRH:2
end_of_record
